<?xml version="1.0" encoding="UTF-8"?>
<testng-results skipped="0" failed="0" ignored="0" total="1" passed="1">
  <reporter-output>
  </reporter-output>
  <suite name="Suite" duration-ms="86006" started-at="2019-03-08T15:38:20Z" finished-at="2019-03-08T15:39:46Z">
    <groups>
    </groups>
    <test name="Default test" duration-ms="86006" started-at="2019-03-08T15:38:20Z" finished-at="2019-03-08T15:39:46Z">
      <class name="testingAndroid.AndroidTesting">
        <test-method status="PASS" signature="MobileTest1()[pri:0, instance:testingAndroid.AndroidTesting@51081592]" name="MobileTest1" duration-ms="85988" started-at="2019-03-08T15:38:20Z" finished-at="2019-03-08T15:39:46Z">
          <reporter-output>
          </reporter-output>
        </test-method> <!-- MobileTest1 -->
      </class> <!-- testingAndroid.AndroidTesting -->
    </test> <!-- Default test -->
  </suite> <!-- Suite -->
</testng-results>
